movie/app/build/intermediates/manifest_merge_blame_file/debug/manifest-merger-blame-debug-report.txt
1<?xml version="1.0" encoding="utf-8"?>
2<manifest xmlns:android="http://schemas.android.com/apk/res/android"
3    package="com.example.movie"
4    android:versionCode="1"
5    android:versionName="1.0" >
6
7    <uses-sdk
8        android:minSdkVersion="15"
8-->src\main\AndroidManifest.xml
9        android:targetSdkVersion="29" />
9-->src\main\AndroidManifest.xml
10
11    <uses-permission android:name="android.permission.INTERNET" />
11-->src\main\AndroidManifest.xml:4:5-67
11-->src\main\AndroidManifest.xml:4:22-64
12    <uses-permission android:name="android.permission.ACCESS_NETWORK_STATE" />
12-->src\main\AndroidManifest.xml:5:5-79
12-->src\main\AndroidManifest.xml:5:22-76
13
14    <application
14-->src\main\AndroidManifest.xml:7:5-33:19
15        android:allowBackup="true"
15-->src\main\AndroidManifest.xml:8:9-35
16        android:appComponentFactory="androidx.core.app.CoreComponentFactory"
16-->[androidx.core:core:1.1.0-rc03] AndroidManifest.xml:24:18-86
17        android:debuggable="true"
18        android:icon="@mipmap/movie_icon"
18-->src\main\AndroidManifest.xml:10:9-42
19        android:label="@string/app_name"
19-->src\main\AndroidManifest.xml:11:9-41
20        android:networkSecurityConfig="@xml/network_security_config"
20-->src\main\AndroidManifest.xml:9:9-69
21        android:roundIcon="@mipmap/movie_icon"
21-->src\main\AndroidManifest.xml:12:9-47
22        android:supportsRtl="true"
22-->src\main\AndroidManifest.xml:13:9-35
23        android:testOnly="true"
24        android:theme="@style/AppTheme"
24-->src\main\AndroidManifest.xml:15:9-40
25        android:usesCleartextTraffic="true" >
25-->src\main\AndroidManifest.xml:14:9-44
26        <activity android:name="com.example.movie.like" />
26-->src\main\AndroidManifest.xml:16:9-51
26-->src\main\AndroidManifest.xml:16:19-39
27        <activity android:name="com.example.movie.recommend" />
27-->src\main\AndroidManifest.xml:17:9-47
27-->src\main\AndroidManifest.xml:17:19-44
28        <activity android:name="com.example.movie.user" />
28-->src\main\AndroidManifest.xml:18:9-42
28-->src\main\AndroidManifest.xml:18:19-39
29        <activity android:name="com.example.movie.tv" />
29-->src\main\AndroidManifest.xml:19:9-40
29-->src\main\AndroidManifest.xml:19:19-37
30        <activity android:name="com.example.movie.movie" />
30-->src\main\AndroidManifest.xml:20:9-43
30-->src\main\AndroidManifest.xml:20:19-40
31        <activity android:name="com.example.movie.MainActivity" >
31-->src\main\AndroidManifest.xml:21:9-32:20
31-->src\main\AndroidManifest.xml:21:19-47
32
33            <!-- 設置應用的第一個activity -->
34            <intent-filter>
34-->src\main\AndroidManifest.xml:25:13-31:29
35                <action
35-->src\main\AndroidManifest.xml:26:17-27:58
36                    android:name="android.intent.action.MAIN"
36-->src\main\AndroidManifest.xml:26:25-66
37                    android:usesCleartextTraffic="true" />
37-->src\main\AndroidManifest.xml:27:21-56
38
39                <category android:name="android.intent.category.LAUNCHER" />
39-->src\main\AndroidManifest.xml:30:17-77
39-->src\main\AndroidManifest.xml:30:27-74
40            </intent-filter>
41        </activity>
42    </application>
43
44</manifest>